2020-06-22T07:15:10+00:00 CRITICAL syntax error, unexpected ''public'' (T_CONSTANT_ENCAPSED_STRING), expecting ')' در C:\wamp64\www\wordpress\wp-content\themes\arshitashop-wp\functions.php در خط 29

2020-06-22T07:15:43+00:00 CRITICAL syntax error, unexpected ''public'' (T_CONSTANT_ENCAPSED_STRING), expecting ')' در C:\wamp64\www\wordpress\wp-content\themes\arshitashop-wp\functions.php در خط 29

2020-06-22T07:15:43+00:00 CRITICAL syntax error, unexpected ''public'' (T_CONSTANT_ENCAPSED_STRING), expecting ')' در C:\wamp64\www\wordpress\wp-content\themes\arshitashop-wp\functions.php در خط 29

2020-06-22T07:53:52+00:00 CRITICAL syntax error, unexpected '/' در C:\wamp64\www\wordpress\wp-content\themes\arshitashop-wp\index.php در خط 8

2020-06-22T08:03:15+00:00 CRITICAL syntax error, unexpected ',', expecting ')' در C:\wamp64\www\wordpress\wp-content\themes\arshitashop-wp\functions.php در خط 4

2020-06-22T08:03:15+00:00 CRITICAL syntax error, unexpected ',', expecting ')' در C:\wamp64\www\wordpress\wp-content\themes\arshitashop-wp\functions.php در خط 4

2020-06-22T08:03:17+00:00 CRITICAL syntax error, unexpected ',', expecting ')' در C:\wamp64\www\wordpress\wp-content\themes\arshitashop-wp\functions.php در خط 4

2020-06-22T08:03:17+00:00 CRITICAL syntax error, unexpected ',', expecting ')' در C:\wamp64\www\wordpress\wp-content\themes\arshitashop-wp\functions.php در خط 4

2020-06-22T08:03:17+00:00 CRITICAL syntax error, unexpected ',', expecting ')' در C:\wamp64\www\wordpress\wp-content\themes\arshitashop-wp\functions.php در خط 4

2020-06-22T08:03:18+00:00 CRITICAL syntax error, unexpected ',', expecting ')' در C:\wamp64\www\wordpress\wp-content\themes\arshitashop-wp\functions.php در خط 4

2020-06-22T08:03:18+00:00 CRITICAL syntax error, unexpected ',', expecting ')' در C:\wamp64\www\wordpress\wp-content\themes\arshitashop-wp\functions.php در خط 4

2020-06-22T08:03:18+00:00 CRITICAL syntax error, unexpected ',', expecting ')' در C:\wamp64\www\wordpress\wp-content\themes\arshitashop-wp\functions.php در خط 4

2020-06-22T08:03:19+00:00 CRITICAL syntax error, unexpected ',', expecting ')' در C:\wamp64\www\wordpress\wp-content\themes\arshitashop-wp\functions.php در خط 4

2020-06-22T08:03:19+00:00 CRITICAL syntax error, unexpected ',', expecting ')' در C:\wamp64\www\wordpress\wp-content\themes\arshitashop-wp\functions.php در خط 4

2020-06-22T08:03:19+00:00 CRITICAL syntax error, unexpected ',', expecting ')' در C:\wamp64\www\wordpress\wp-content\themes\arshitashop-wp\functions.php در خط 4

2020-06-22T08:03:19+00:00 CRITICAL syntax error, unexpected ',', expecting ')' در C:\wamp64\www\wordpress\wp-content\themes\arshitashop-wp\functions.php در خط 4

2020-06-22T08:03:19+00:00 CRITICAL syntax error, unexpected ',', expecting ')' در C:\wamp64\www\wordpress\wp-content\themes\arshitashop-wp\functions.php در خط 4

2020-06-22T08:03:20+00:00 CRITICAL syntax error, unexpected ',', expecting ')' در C:\wamp64\www\wordpress\wp-content\themes\arshitashop-wp\functions.php در خط 4

2020-06-22T08:03:20+00:00 CRITICAL syntax error, unexpected ',', expecting ')' در C:\wamp64\www\wordpress\wp-content\themes\arshitashop-wp\functions.php در خط 4

2020-06-22T08:03:20+00:00 CRITICAL syntax error, unexpected ',', expecting ')' در C:\wamp64\www\wordpress\wp-content\themes\arshitashop-wp\functions.php در خط 4

2020-06-22T08:03:20+00:00 CRITICAL syntax error, unexpected ',', expecting ')' در C:\wamp64\www\wordpress\wp-content\themes\arshitashop-wp\functions.php در خط 4

2020-06-22T08:03:21+00:00 CRITICAL syntax error, unexpected ',', expecting ')' در C:\wamp64\www\wordpress\wp-content\themes\arshitashop-wp\functions.php در خط 4

2020-06-22T08:03:21+00:00 CRITICAL syntax error, unexpected ',', expecting ')' در C:\wamp64\www\wordpress\wp-content\themes\arshitashop-wp\functions.php در خط 4

2020-06-22T08:03:35+00:00 CRITICAL syntax error, unexpected ',', expecting ')' در C:\wamp64\www\wordpress\wp-content\themes\arshitashop-wp\functions.php در خط 4

2020-06-22T08:03:35+00:00 CRITICAL syntax error, unexpected ',', expecting ')' در C:\wamp64\www\wordpress\wp-content\themes\arshitashop-wp\functions.php در خط 4

2020-06-22T08:03:35+00:00 CRITICAL syntax error, unexpected ',', expecting ')' در C:\wamp64\www\wordpress\wp-content\themes\arshitashop-wp\functions.php در خط 4

2020-06-22T08:03:35+00:00 CRITICAL syntax error, unexpected ',', expecting ')' در C:\wamp64\www\wordpress\wp-content\themes\arshitashop-wp\functions.php در خط 4

2020-06-22T08:03:35+00:00 CRITICAL syntax error, unexpected ',', expecting ')' در C:\wamp64\www\wordpress\wp-content\themes\arshitashop-wp\functions.php در خط 4

2020-06-22T08:03:35+00:00 CRITICAL syntax error, unexpected ',', expecting ')' در C:\wamp64\www\wordpress\wp-content\themes\arshitashop-wp\functions.php در خط 4

2020-06-22T08:03:36+00:00 CRITICAL syntax error, unexpected ',', expecting ')' در C:\wamp64\www\wordpress\wp-content\themes\arshitashop-wp\functions.php در خط 4

2020-06-22T08:03:36+00:00 CRITICAL syntax error, unexpected ',', expecting ')' در C:\wamp64\www\wordpress\wp-content\themes\arshitashop-wp\functions.php در خط 4

2020-06-22T08:03:36+00:00 CRITICAL syntax error, unexpected ',', expecting ')' در C:\wamp64\www\wordpress\wp-content\themes\arshitashop-wp\functions.php در خط 4

2020-06-22T08:03:36+00:00 CRITICAL syntax error, unexpected ',', expecting ')' در C:\wamp64\www\wordpress\wp-content\themes\arshitashop-wp\functions.php در خط 4

2020-06-22T08:03:36+00:00 CRITICAL syntax error, unexpected ',', expecting ')' در C:\wamp64\www\wordpress\wp-content\themes\arshitashop-wp\functions.php در خط 4

2020-06-22T08:03:37+00:00 CRITICAL syntax error, unexpected ',', expecting ')' در C:\wamp64\www\wordpress\wp-content\themes\arshitashop-wp\functions.php در خط 4

2020-06-22T08:03:37+00:00 CRITICAL syntax error, unexpected ',', expecting ')' در C:\wamp64\www\wordpress\wp-content\themes\arshitashop-wp\functions.php در خط 4

2020-06-22T08:03:37+00:00 CRITICAL syntax error, unexpected ',', expecting ')' در C:\wamp64\www\wordpress\wp-content\themes\arshitashop-wp\functions.php در خط 4

2020-06-22T08:03:37+00:00 CRITICAL syntax error, unexpected ',', expecting ')' در C:\wamp64\www\wordpress\wp-content\themes\arshitashop-wp\functions.php در خط 4

2020-06-22T08:03:37+00:00 CRITICAL syntax error, unexpected ',', expecting ')' در C:\wamp64\www\wordpress\wp-content\themes\arshitashop-wp\functions.php در خط 4

2020-06-22T08:03:37+00:00 CRITICAL syntax error, unexpected ',', expecting ')' در C:\wamp64\www\wordpress\wp-content\themes\arshitashop-wp\functions.php در خط 4

2020-06-22T08:04:08+00:00 CRITICAL syntax error, unexpected 'function' (T_FUNCTION) در C:\wamp64\www\wordpress\wp-content\themes\arshitashop-wp\functions.php در خط 12

2020-06-22T08:14:31+00:00 CRITICAL syntax error, unexpected '/' در C:\wamp64\www\wordpress\wp-content\themes\arshitashop-wp\partials\main-slider.php در خط 18

2020-06-22T08:14:33+00:00 CRITICAL syntax error, unexpected '/' در C:\wamp64\www\wordpress\wp-content\themes\arshitashop-wp\partials\main-slider.php در خط 18

2020-06-22T08:14:33+00:00 CRITICAL syntax error, unexpected '/' در C:\wamp64\www\wordpress\wp-content\themes\arshitashop-wp\partials\main-slider.php در خط 18

2020-06-22T08:14:51+00:00 CRITICAL Uncaught Error: Call to undefined function the_post_title() in C:\wamp64\www\wordpress\wp-content\themes\arshitashop-wp\partials\main-slider.php:16
Stack trace:
#0 C:\wamp64\www\wordpress\wp-includes\template.php(724): require()
#1 C:\wamp64\www\wordpress\wp-includes\template.php(671): load_template('C:\\wamp64\\www\\w...', false)
#2 C:\wamp64\www\wordpress\wp-includes\general-template.php(168): locate_template(Array, true, false)
#3 C:\wamp64\www\wordpress\wp-content\themes\arshitashop-wp\index.php(7): get_template_part('partials/main-s...')
#4 C:\wamp64\www\wordpress\wp-includes\template-loader.php(98): include('C:\\wamp64\\www\\w...')
#5 C:\wamp64\www\wordpress\wp-blog-header.php(19): require_once('C:\\wamp64\\www\\w...')
#6 C:\wamp64\www\wordpress\index.php(17): require('C:\\wamp64\\www\\w...')
#7 {main}
  thrown در C:\wamp64\www\wordpress\wp-content\themes\arshitashop-wp\partials\main-slider.php در خط 16

2020-06-22T08:14:53+00:00 CRITICAL Uncaught Error: Call to undefined function the_post_title() in C:\wamp64\www\wordpress\wp-content\themes\arshitashop-wp\partials\main-slider.php:16
Stack trace:
#0 C:\wamp64\www\wordpress\wp-includes\template.php(724): require()
#1 C:\wamp64\www\wordpress\wp-includes\template.php(671): load_template('C:\\wamp64\\www\\w...', false)
#2 C:\wamp64\www\wordpress\wp-includes\general-template.php(168): locate_template(Array, true, false)
#3 C:\wamp64\www\wordpress\wp-content\themes\arshitashop-wp\index.php(7): get_template_part('partials/main-s...')
#4 C:\wamp64\www\wordpress\wp-includes\template-loader.php(98): include('C:\\wamp64\\www\\w...')
#5 C:\wamp64\www\wordpress\wp-blog-header.php(19): require_once('C:\\wamp64\\www\\w...')
#6 C:\wamp64\www\wordpress\index.php(17): require('C:\\wamp64\\www\\w...')
#7 {main}
  thrown در C:\wamp64\www\wordpress\wp-content\themes\arshitashop-wp\partials\main-slider.php در خط 16

2020-06-22T08:14:53+00:00 CRITICAL Uncaught Error: Call to undefined function the_post_title() in C:\wamp64\www\wordpress\wp-content\themes\arshitashop-wp\partials\main-slider.php:16
Stack trace:
#0 C:\wamp64\www\wordpress\wp-includes\template.php(724): require()
#1 C:\wamp64\www\wordpress\wp-includes\template.php(671): load_template('C:\\wamp64\\www\\w...', false)
#2 C:\wamp64\www\wordpress\wp-includes\general-template.php(168): locate_template(Array, true, false)
#3 C:\wamp64\www\wordpress\wp-content\themes\arshitashop-wp\index.php(7): get_template_part('partials/main-s...')
#4 C:\wamp64\www\wordpress\wp-includes\template-loader.php(98): include('C:\\wamp64\\www\\w...')
#5 C:\wamp64\www\wordpress\wp-blog-header.php(19): require_once('C:\\wamp64\\www\\w...')
#6 C:\wamp64\www\wordpress\index.php(17): require('C:\\wamp64\\www\\w...')
#7 {main}
  thrown در C:\wamp64\www\wordpress\wp-content\themes\arshitashop-wp\partials\main-slider.php در خط 16

2020-06-22T08:15:06+00:00 CRITICAL Uncaught Error: Call to undefined function the_post_title() in C:\wamp64\www\wordpress\wp-content\themes\arshitashop-wp\partials\main-slider.php:16
Stack trace:
#0 C:\wamp64\www\wordpress\wp-includes\template.php(724): require()
#1 C:\wamp64\www\wordpress\wp-includes\template.php(671): load_template('C:\\wamp64\\www\\w...', false)
#2 C:\wamp64\www\wordpress\wp-includes\general-template.php(168): locate_template(Array, true, false)
#3 C:\wamp64\www\wordpress\wp-content\themes\arshitashop-wp\index.php(7): get_template_part('partials/main-s...')
#4 C:\wamp64\www\wordpress\wp-includes\template-loader.php(98): include('C:\\wamp64\\www\\w...')
#5 C:\wamp64\www\wordpress\wp-blog-header.php(19): require_once('C:\\wamp64\\www\\w...')
#6 C:\wamp64\www\wordpress\index.php(17): require('C:\\wamp64\\www\\w...')
#7 {main}
  thrown در C:\wamp64\www\wordpress\wp-content\themes\arshitashop-wp\partials\main-slider.php در خط 16

2020-06-22T08:15:08+00:00 CRITICAL Uncaught Error: Call to undefined function the_post_title() in C:\wamp64\www\wordpress\wp-content\themes\arshitashop-wp\partials\main-slider.php:16
Stack trace:
#0 C:\wamp64\www\wordpress\wp-includes\template.php(724): require()
#1 C:\wamp64\www\wordpress\wp-includes\template.php(671): load_template('C:\\wamp64\\www\\w...', false)
#2 C:\wamp64\www\wordpress\wp-includes\general-template.php(168): locate_template(Array, true, false)
#3 C:\wamp64\www\wordpress\wp-content\themes\arshitashop-wp\index.php(7): get_template_part('partials/main-s...')
#4 C:\wamp64\www\wordpress\wp-includes\template-loader.php(98): include('C:\\wamp64\\www\\w...')
#5 C:\wamp64\www\wordpress\wp-blog-header.php(19): require_once('C:\\wamp64\\www\\w...')
#6 C:\wamp64\www\wordpress\index.php(17): require('C:\\wamp64\\www\\w...')
#7 {main}
  thrown در C:\wamp64\www\wordpress\wp-content\themes\arshitashop-wp\partials\main-slider.php در خط 16

2020-06-22T08:15:12+00:00 CRITICAL Uncaught Error: Call to undefined function the_post_title() in C:\wamp64\www\wordpress\wp-content\themes\arshitashop-wp\partials\main-slider.php:16
Stack trace:
#0 C:\wamp64\www\wordpress\wp-includes\template.php(724): require()
#1 C:\wamp64\www\wordpress\wp-includes\template.php(671): load_template('C:\\wamp64\\www\\w...', false)
#2 C:\wamp64\www\wordpress\wp-includes\general-template.php(168): locate_template(Array, true, false)
#3 C:\wamp64\www\wordpress\wp-content\themes\arshitashop-wp\index.php(7): get_template_part('partials/main-s...')
#4 C:\wamp64\www\wordpress\wp-includes\template-loader.php(98): include('C:\\wamp64\\www\\w...')
#5 C:\wamp64\www\wordpress\wp-blog-header.php(19): require_once('C:\\wamp64\\www\\w...')
#6 C:\wamp64\www\wordpress\index.php(17): require('C:\\wamp64\\www\\w...')
#7 {main}
  thrown در C:\wamp64\www\wordpress\wp-content\themes\arshitashop-wp\partials\main-slider.php در خط 16

2020-06-22T08:16:16+00:00 CRITICAL Uncaught Error: Call to undefined function the_post_title() in C:\wamp64\www\wordpress\wp-content\themes\arshitashop-wp\partials\main-slider.php:16
Stack trace:
#0 C:\wamp64\www\wordpress\wp-includes\template.php(724): require()
#1 C:\wamp64\www\wordpress\wp-includes\template.php(671): load_template('C:\\wamp64\\www\\w...', false)
#2 C:\wamp64\www\wordpress\wp-includes\general-template.php(168): locate_template(Array, true, false)
#3 C:\wamp64\www\wordpress\wp-content\themes\arshitashop-wp\index.php(7): get_template_part('partials/main-s...')
#4 C:\wamp64\www\wordpress\wp-includes\template-loader.php(98): include('C:\\wamp64\\www\\w...')
#5 C:\wamp64\www\wordpress\wp-blog-header.php(19): require_once('C:\\wamp64\\www\\w...')
#6 C:\wamp64\www\wordpress\index.php(17): require('C:\\wamp64\\www\\w...')
#7 {main}
  thrown در C:\wamp64\www\wordpress\wp-content\themes\arshitashop-wp\partials\main-slider.php در خط 16

2020-06-22T08:16:16+00:00 CRITICAL Uncaught Error: Call to undefined function the_post_title() in C:\wamp64\www\wordpress\wp-content\themes\arshitashop-wp\partials\main-slider.php:16
Stack trace:
#0 C:\wamp64\www\wordpress\wp-includes\template.php(724): require()
#1 C:\wamp64\www\wordpress\wp-includes\template.php(671): load_template('C:\\wamp64\\www\\w...', false)
#2 C:\wamp64\www\wordpress\wp-includes\general-template.php(168): locate_template(Array, true, false)
#3 C:\wamp64\www\wordpress\wp-content\themes\arshitashop-wp\index.php(7): get_template_part('partials/main-s...')
#4 C:\wamp64\www\wordpress\wp-includes\template-loader.php(98): include('C:\\wamp64\\www\\w...')
#5 C:\wamp64\www\wordpress\wp-blog-header.php(19): require_once('C:\\wamp64\\www\\w...')
#6 C:\wamp64\www\wordpress\index.php(17): require('C:\\wamp64\\www\\w...')
#7 {main}
  thrown در C:\wamp64\www\wordpress\wp-content\themes\arshitashop-wp\partials\main-slider.php در خط 16

2020-06-22T08:16:16+00:00 CRITICAL Uncaught Error: Call to undefined function the_post_title() in C:\wamp64\www\wordpress\wp-content\themes\arshitashop-wp\partials\main-slider.php:16
Stack trace:
#0 C:\wamp64\www\wordpress\wp-includes\template.php(724): require()
#1 C:\wamp64\www\wordpress\wp-includes\template.php(671): load_template('C:\\wamp64\\www\\w...', false)
#2 C:\wamp64\www\wordpress\wp-includes\general-template.php(168): locate_template(Array, true, false)
#3 C:\wamp64\www\wordpress\wp-content\themes\arshitashop-wp\index.php(7): get_template_part('partials/main-s...')
#4 C:\wamp64\www\wordpress\wp-includes\template-loader.php(98): include('C:\\wamp64\\www\\w...')
#5 C:\wamp64\www\wordpress\wp-blog-header.php(19): require_once('C:\\wamp64\\www\\w...')
#6 C:\wamp64\www\wordpress\index.php(17): require('C:\\wamp64\\www\\w...')
#7 {main}
  thrown در C:\wamp64\www\wordpress\wp-content\themes\arshitashop-wp\partials\main-slider.php در خط 16

2020-06-22T08:16:16+00:00 CRITICAL Uncaught Error: Call to undefined function the_post_title() in C:\wamp64\www\wordpress\wp-content\themes\arshitashop-wp\partials\main-slider.php:16
Stack trace:
#0 C:\wamp64\www\wordpress\wp-includes\template.php(724): require()
#1 C:\wamp64\www\wordpress\wp-includes\template.php(671): load_template('C:\\wamp64\\www\\w...', false)
#2 C:\wamp64\www\wordpress\wp-includes\general-template.php(168): locate_template(Array, true, false)
#3 C:\wamp64\www\wordpress\wp-content\themes\arshitashop-wp\index.php(7): get_template_part('partials/main-s...')
#4 C:\wamp64\www\wordpress\wp-includes\template-loader.php(98): include('C:\\wamp64\\www\\w...')
#5 C:\wamp64\www\wordpress\wp-blog-header.php(19): require_once('C:\\wamp64\\www\\w...')
#6 C:\wamp64\www\wordpress\index.php(17): require('C:\\wamp64\\www\\w...')
#7 {main}
  thrown در C:\wamp64\www\wordpress\wp-content\themes\arshitashop-wp\partials\main-slider.php در خط 16

2020-06-22T08:16:16+00:00 CRITICAL Uncaught Error: Call to undefined function the_post_title() in C:\wamp64\www\wordpress\wp-content\themes\arshitashop-wp\partials\main-slider.php:16
Stack trace:
#0 C:\wamp64\www\wordpress\wp-includes\template.php(724): require()
#1 C:\wamp64\www\wordpress\wp-includes\template.php(671): load_template('C:\\wamp64\\www\\w...', false)
#2 C:\wamp64\www\wordpress\wp-includes\general-template.php(168): locate_template(Array, true, false)
#3 C:\wamp64\www\wordpress\wp-content\themes\arshitashop-wp\index.php(7): get_template_part('partials/main-s...')
#4 C:\wamp64\www\wordpress\wp-includes\template-loader.php(98): include('C:\\wamp64\\www\\w...')
#5 C:\wamp64\www\wordpress\wp-blog-header.php(19): require_once('C:\\wamp64\\www\\w...')
#6 C:\wamp64\www\wordpress\index.php(17): require('C:\\wamp64\\www\\w...')
#7 {main}
  thrown در C:\wamp64\www\wordpress\wp-content\themes\arshitashop-wp\partials\main-slider.php در خط 16

2020-06-22T08:16:17+00:00 CRITICAL Uncaught Error: Call to undefined function the_post_title() in C:\wamp64\www\wordpress\wp-content\themes\arshitashop-wp\partials\main-slider.php:16
Stack trace:
#0 C:\wamp64\www\wordpress\wp-includes\template.php(724): require()
#1 C:\wamp64\www\wordpress\wp-includes\template.php(671): load_template('C:\\wamp64\\www\\w...', false)
#2 C:\wamp64\www\wordpress\wp-includes\general-template.php(168): locate_template(Array, true, false)
#3 C:\wamp64\www\wordpress\wp-content\themes\arshitashop-wp\index.php(7): get_template_part('partials/main-s...')
#4 C:\wamp64\www\wordpress\wp-includes\template-loader.php(98): include('C:\\wamp64\\www\\w...')
#5 C:\wamp64\www\wordpress\wp-blog-header.php(19): require_once('C:\\wamp64\\www\\w...')
#6 C:\wamp64\www\wordpress\index.php(17): require('C:\\wamp64\\www\\w...')
#7 {main}
  thrown در C:\wamp64\www\wordpress\wp-content\themes\arshitashop-wp\partials\main-slider.php در خط 16

2020-06-22T08:16:19+00:00 CRITICAL Uncaught Error: Call to undefined function the_post_title() in C:\wamp64\www\wordpress\wp-content\themes\arshitashop-wp\partials\main-slider.php:16
Stack trace:
#0 C:\wamp64\www\wordpress\wp-includes\template.php(724): require()
#1 C:\wamp64\www\wordpress\wp-includes\template.php(671): load_template('C:\\wamp64\\www\\w...', false)
#2 C:\wamp64\www\wordpress\wp-includes\general-template.php(168): locate_template(Array, true, false)
#3 C:\wamp64\www\wordpress\wp-content\themes\arshitashop-wp\index.php(7): get_template_part('partials/main-s...')
#4 C:\wamp64\www\wordpress\wp-includes\template-loader.php(98): include('C:\\wamp64\\www\\w...')
#5 C:\wamp64\www\wordpress\wp-blog-header.php(19): require_once('C:\\wamp64\\www\\w...')
#6 C:\wamp64\www\wordpress\index.php(17): require('C:\\wamp64\\www\\w...')
#7 {main}
  thrown در C:\wamp64\www\wordpress\wp-content\themes\arshitashop-wp\partials\main-slider.php در خط 16

2020-06-22T08:16:19+00:00 CRITICAL Uncaught Error: Call to undefined function the_post_title() in C:\wamp64\www\wordpress\wp-content\themes\arshitashop-wp\partials\main-slider.php:16
Stack trace:
#0 C:\wamp64\www\wordpress\wp-includes\template.php(724): require()
#1 C:\wamp64\www\wordpress\wp-includes\template.php(671): load_template('C:\\wamp64\\www\\w...', false)
#2 C:\wamp64\www\wordpress\wp-includes\general-template.php(168): locate_template(Array, true, false)
#3 C:\wamp64\www\wordpress\wp-content\themes\arshitashop-wp\index.php(7): get_template_part('partials/main-s...')
#4 C:\wamp64\www\wordpress\wp-includes\template-loader.php(98): include('C:\\wamp64\\www\\w...')
#5 C:\wamp64\www\wordpress\wp-blog-header.php(19): require_once('C:\\wamp64\\www\\w...')
#6 C:\wamp64\www\wordpress\index.php(17): require('C:\\wamp64\\www\\w...')
#7 {main}
  thrown در C:\wamp64\www\wordpress\wp-content\themes\arshitashop-wp\partials\main-slider.php در خط 16

2020-06-22T08:16:19+00:00 CRITICAL Uncaught Error: Call to undefined function the_post_title() in C:\wamp64\www\wordpress\wp-content\themes\arshitashop-wp\partials\main-slider.php:16
Stack trace:
#0 C:\wamp64\www\wordpress\wp-includes\template.php(724): require()
#1 C:\wamp64\www\wordpress\wp-includes\template.php(671): load_template('C:\\wamp64\\www\\w...', false)
#2 C:\wamp64\www\wordpress\wp-includes\general-template.php(168): locate_template(Array, true, false)
#3 C:\wamp64\www\wordpress\wp-content\themes\arshitashop-wp\index.php(7): get_template_part('partials/main-s...')
#4 C:\wamp64\www\wordpress\wp-includes\template-loader.php(98): include('C:\\wamp64\\www\\w...')
#5 C:\wamp64\www\wordpress\wp-blog-header.php(19): require_once('C:\\wamp64\\www\\w...')
#6 C:\wamp64\www\wordpress\index.php(17): require('C:\\wamp64\\www\\w...')
#7 {main}
  thrown در C:\wamp64\www\wordpress\wp-content\themes\arshitashop-wp\partials\main-slider.php در خط 16

2020-06-22T08:16:19+00:00 CRITICAL Uncaught Error: Call to undefined function the_post_title() in C:\wamp64\www\wordpress\wp-content\themes\arshitashop-wp\partials\main-slider.php:16
Stack trace:
#0 C:\wamp64\www\wordpress\wp-includes\template.php(724): require()
#1 C:\wamp64\www\wordpress\wp-includes\template.php(671): load_template('C:\\wamp64\\www\\w...', false)
#2 C:\wamp64\www\wordpress\wp-includes\general-template.php(168): locate_template(Array, true, false)
#3 C:\wamp64\www\wordpress\wp-content\themes\arshitashop-wp\index.php(7): get_template_part('partials/main-s...')
#4 C:\wamp64\www\wordpress\wp-includes\template-loader.php(98): include('C:\\wamp64\\www\\w...')
#5 C:\wamp64\www\wordpress\wp-blog-header.php(19): require_once('C:\\wamp64\\www\\w...')
#6 C:\wamp64\www\wordpress\index.php(17): require('C:\\wamp64\\www\\w...')
#7 {main}
  thrown در C:\wamp64\www\wordpress\wp-content\themes\arshitashop-wp\partials\main-slider.php در خط 16

2020-06-22T08:16:19+00:00 CRITICAL Uncaught Error: Call to undefined function the_post_title() in C:\wamp64\www\wordpress\wp-content\themes\arshitashop-wp\partials\main-slider.php:16
Stack trace:
#0 C:\wamp64\www\wordpress\wp-includes\template.php(724): require()
#1 C:\wamp64\www\wordpress\wp-includes\template.php(671): load_template('C:\\wamp64\\www\\w...', false)
#2 C:\wamp64\www\wordpress\wp-includes\general-template.php(168): locate_template(Array, true, false)
#3 C:\wamp64\www\wordpress\wp-content\themes\arshitashop-wp\index.php(7): get_template_part('partials/main-s...')
#4 C:\wamp64\www\wordpress\wp-includes\template-loader.php(98): include('C:\\wamp64\\www\\w...')
#5 C:\wamp64\www\wordpress\wp-blog-header.php(19): require_once('C:\\wamp64\\www\\w...')
#6 C:\wamp64\www\wordpress\index.php(17): require('C:\\wamp64\\www\\w...')
#7 {main}
  thrown در C:\wamp64\www\wordpress\wp-content\themes\arshitashop-wp\partials\main-slider.php در خط 16

2020-06-22T08:16:20+00:00 CRITICAL Uncaught Error: Call to undefined function the_post_title() in C:\wamp64\www\wordpress\wp-content\themes\arshitashop-wp\partials\main-slider.php:16
Stack trace:
#0 C:\wamp64\www\wordpress\wp-includes\template.php(724): require()
#1 C:\wamp64\www\wordpress\wp-includes\template.php(671): load_template('C:\\wamp64\\www\\w...', false)
#2 C:\wamp64\www\wordpress\wp-includes\general-template.php(168): locate_template(Array, true, false)
#3 C:\wamp64\www\wordpress\wp-content\themes\arshitashop-wp\index.php(7): get_template_part('partials/main-s...')
#4 C:\wamp64\www\wordpress\wp-includes\template-loader.php(98): include('C:\\wamp64\\www\\w...')
#5 C:\wamp64\www\wordpress\wp-blog-header.php(19): require_once('C:\\wamp64\\www\\w...')
#6 C:\wamp64\www\wordpress\index.php(17): require('C:\\wamp64\\www\\w...')
#7 {main}
  thrown در C:\wamp64\www\wordpress\wp-content\themes\arshitashop-wp\partials\main-slider.php در خط 16

2020-06-22T08:16:21+00:00 CRITICAL Uncaught Error: Call to undefined function the_post_title() in C:\wamp64\www\wordpress\wp-content\themes\arshitashop-wp\partials\main-slider.php:16
Stack trace:
#0 C:\wamp64\www\wordpress\wp-includes\template.php(724): require()
#1 C:\wamp64\www\wordpress\wp-includes\template.php(671): load_template('C:\\wamp64\\www\\w...', false)
#2 C:\wamp64\www\wordpress\wp-includes\general-template.php(168): locate_template(Array, true, false)
#3 C:\wamp64\www\wordpress\wp-content\themes\arshitashop-wp\index.php(7): get_template_part('partials/main-s...')
#4 C:\wamp64\www\wordpress\wp-includes\template-loader.php(98): include('C:\\wamp64\\www\\w...')
#5 C:\wamp64\www\wordpress\wp-blog-header.php(19): require_once('C:\\wamp64\\www\\w...')
#6 C:\wamp64\www\wordpress\index.php(17): require('C:\\wamp64\\www\\w...')
#7 {main}
  thrown در C:\wamp64\www\wordpress\wp-content\themes\arshitashop-wp\partials\main-slider.php در خط 16

2020-06-22T08:16:21+00:00 CRITICAL Uncaught Error: Call to undefined function the_post_title() in C:\wamp64\www\wordpress\wp-content\themes\arshitashop-wp\partials\main-slider.php:16
Stack trace:
#0 C:\wamp64\www\wordpress\wp-includes\template.php(724): require()
#1 C:\wamp64\www\wordpress\wp-includes\template.php(671): load_template('C:\\wamp64\\www\\w...', false)
#2 C:\wamp64\www\wordpress\wp-includes\general-template.php(168): locate_template(Array, true, false)
#3 C:\wamp64\www\wordpress\wp-content\themes\arshitashop-wp\index.php(7): get_template_part('partials/main-s...')
#4 C:\wamp64\www\wordpress\wp-includes\template-loader.php(98): include('C:\\wamp64\\www\\w...')
#5 C:\wamp64\www\wordpress\wp-blog-header.php(19): require_once('C:\\wamp64\\www\\w...')
#6 C:\wamp64\www\wordpress\index.php(17): require('C:\\wamp64\\www\\w...')
#7 {main}
  thrown در C:\wamp64\www\wordpress\wp-content\themes\arshitashop-wp\partials\main-slider.php در خط 16

2020-06-22T08:16:21+00:00 CRITICAL Uncaught Error: Call to undefined function the_post_title() in C:\wamp64\www\wordpress\wp-content\themes\arshitashop-wp\partials\main-slider.php:16
Stack trace:
#0 C:\wamp64\www\wordpress\wp-includes\template.php(724): require()
#1 C:\wamp64\www\wordpress\wp-includes\template.php(671): load_template('C:\\wamp64\\www\\w...', false)
#2 C:\wamp64\www\wordpress\wp-includes\general-template.php(168): locate_template(Array, true, false)
#3 C:\wamp64\www\wordpress\wp-content\themes\arshitashop-wp\index.php(7): get_template_part('partials/main-s...')
#4 C:\wamp64\www\wordpress\wp-includes\template-loader.php(98): include('C:\\wamp64\\www\\w...')
#5 C:\wamp64\www\wordpress\wp-blog-header.php(19): require_once('C:\\wamp64\\www\\w...')
#6 C:\wamp64\www\wordpress\index.php(17): require('C:\\wamp64\\www\\w...')
#7 {main}
  thrown در C:\wamp64\www\wordpress\wp-content\themes\arshitashop-wp\partials\main-slider.php در خط 16

2020-06-22T08:16:21+00:00 CRITICAL Uncaught Error: Call to undefined function the_post_title() in C:\wamp64\www\wordpress\wp-content\themes\arshitashop-wp\partials\main-slider.php:16
Stack trace:
#0 C:\wamp64\www\wordpress\wp-includes\template.php(724): require()
#1 C:\wamp64\www\wordpress\wp-includes\template.php(671): load_template('C:\\wamp64\\www\\w...', false)
#2 C:\wamp64\www\wordpress\wp-includes\general-template.php(168): locate_template(Array, true, false)
#3 C:\wamp64\www\wordpress\wp-content\themes\arshitashop-wp\index.php(7): get_template_part('partials/main-s...')
#4 C:\wamp64\www\wordpress\wp-includes\template-loader.php(98): include('C:\\wamp64\\www\\w...')
#5 C:\wamp64\www\wordpress\wp-blog-header.php(19): require_once('C:\\wamp64\\www\\w...')
#6 C:\wamp64\www\wordpress\index.php(17): require('C:\\wamp64\\www\\w...')
#7 {main}
  thrown در C:\wamp64\www\wordpress\wp-content\themes\arshitashop-wp\partials\main-slider.php در خط 16

2020-06-22T08:38:44+00:00 CRITICAL syntax error, unexpected '-', expecting '(' در C:\wamp64\www\wordpress\wp-content\themes\arshitashop-wp\functions.php در خط 22

2020-06-22T08:39:07+00:00 CRITICAL syntax error, unexpected '-', expecting '(' در C:\wamp64\www\wordpress\wp-content\themes\arshitashop-wp\functions.php در خط 22

2020-06-22T08:39:09+00:00 CRITICAL syntax error, unexpected '-', expecting '(' در C:\wamp64\www\wordpress\wp-content\themes\arshitashop-wp\functions.php در خط 22

2020-06-22T08:39:23+00:00 CRITICAL syntax error, unexpected '-', expecting '(' در C:\wamp64\www\wordpress\wp-content\themes\arshitashop-wp\functions.php در خط 22

2020-06-22T08:39:25+00:00 CRITICAL syntax error, unexpected '-', expecting '(' در C:\wamp64\www\wordpress\wp-content\themes\arshitashop-wp\functions.php در خط 22

2020-06-22T08:39:42+00:00 CRITICAL syntax error, unexpected '-', expecting '(' در C:\wamp64\www\wordpress\wp-content\themes\arshitashop-wp\functions.php در خط 22

2020-06-22T08:39:45+00:00 CRITICAL syntax error, unexpected '-', expecting '(' در C:\wamp64\www\wordpress\wp-content\themes\arshitashop-wp\functions.php در خط 22

2020-06-22T08:39:50+00:00 CRITICAL syntax error, unexpected '-', expecting '(' در C:\wamp64\www\wordpress\wp-content\themes\arshitashop-wp\functions.php در خط 22

2020-06-22T08:40:51+00:00 CRITICAL syntax error, unexpected '-', expecting '(' در C:\wamp64\www\wordpress\wp-content\themes\arshitashop-wp\functions.php در خط 22

2020-06-22T08:41:07+00:00 CRITICAL syntax error, unexpected '-', expecting '(' در C:\wamp64\www\wordpress\wp-content\themes\arshitashop-wp\functions.php در خط 22

2020-06-22T08:41:09+00:00 CRITICAL syntax error, unexpected '-', expecting '(' در C:\wamp64\www\wordpress\wp-content\themes\arshitashop-wp\functions.php در خط 22

2020-06-22T08:41:13+00:00 CRITICAL syntax error, unexpected '-', expecting '(' در C:\wamp64\www\wordpress\wp-content\themes\arshitashop-wp\functions.php در خط 22

2020-06-22T08:41:34+00:00 CRITICAL syntax error, unexpected '-', expecting '(' در C:\wamp64\www\wordpress\wp-content\themes\arshitashop-wp\functions.php در خط 22

2020-06-22T08:41:35+00:00 CRITICAL syntax error, unexpected '-', expecting '(' در C:\wamp64\www\wordpress\wp-content\themes\arshitashop-wp\functions.php در خط 22

2020-06-22T08:41:39+00:00 CRITICAL syntax error, unexpected '-', expecting '(' در C:\wamp64\www\wordpress\wp-content\themes\arshitashop-wp\functions.php در خط 22

2020-06-22T08:42:20+00:00 CRITICAL syntax error, unexpected '-', expecting '(' در C:\wamp64\www\wordpress\wp-content\themes\arshitashop-wp\functions.php در خط 22

2020-06-22T08:42:22+00:00 CRITICAL syntax error, unexpected '-', expecting '(' در C:\wamp64\www\wordpress\wp-content\themes\arshitashop-wp\functions.php در خط 22

2020-06-22T08:42:26+00:00 CRITICAL syntax error, unexpected '-', expecting '(' در C:\wamp64\www\wordpress\wp-content\themes\arshitashop-wp\functions.php در خط 22

2020-06-22T08:57:38+00:00 CRITICAL syntax error, unexpected '$val' (T_VARIABLE), expecting ',' or ';' در C:\wamp64\www\wordpress\wp-content\themes\arshitashop-wp\functions.php در خط 29

2020-06-22T08:57:39+00:00 CRITICAL syntax error, unexpected '$val' (T_VARIABLE), expecting ',' or ';' در C:\wamp64\www\wordpress\wp-content\themes\arshitashop-wp\functions.php در خط 29

